Copyright 1986-2022 Xilinx, Inc. All Rights Reserved. Copyright 2022-2025 Advanced Micro Devices, Inc. All Rights Reserved.
---------------------------------------------------------------------------------------------------------------------------------------------
| Tool Version : Vivado v.2025.1 (win64) Build 6140274 Thu May 22 00:12:29 MDT 2025
| Date         : Sat Jun 28 08:07:47 2025
| Host         : Stephens_Laptop running 64-bit major release  (build 9200)
| Command      : upgrade_ip
| Device       : xc7z020clg400-1
---------------------------------------------------------------------------------------------------------------------------------------------

Upgrade Log for IP 'design_1_riscv5stage_core_0_0'

1. Summary
----------

SUCCESS in the upgrade of design_1_riscv5stage_core_0_0 (xilinx.com:user:riscv5stage_core:1.0) from (Rev. 22) to (Rev. 23)






Copyright 1986-2022 Xilinx, Inc. All Rights Reserved. Copyright 2022-2025 Advanced Micro Devices, Inc. All Rights Reserved.
---------------------------------------------------------------------------------------------------------------------------------------------
| Tool Version : Vivado v.2025.1 (win64) Build 6140274 Thu May 22 00:12:29 MDT 2025
| Date         : Sat Jun 28 06:48:22 2025
| Host         : Stephens_Laptop running 64-bit major release  (build 9200)
| Command      : upgrade_ip
| Device       : xc7z020clg400-1
---------------------------------------------------------------------------------------------------------------------------------------------

Upgrade Log for IP 'design_1_riscv5stage_core_0_0'

1. Summary
----------

SUCCESS in the upgrade of design_1_riscv5stage_core_0_0 (xilinx.com:user:riscv5stage_core:1.0) from (Rev. 18) to (Rev. 22)






Copyright 1986-2022 Xilinx, Inc. All Rights Reserved. Copyright 2022-2025 Advanced Micro Devices, Inc. All Rights Reserved.
---------------------------------------------------------------------------------------------------------------------------------------------
| Tool Version : Vivado v.2025.1 (win64) Build 6140274 Thu May 22 00:12:29 MDT 2025
| Date         : Sat Jun 28 06:36:28 2025
| Host         : Stephens_Laptop running 64-bit major release  (build 9200)
| Command      : upgrade_ip
| Device       : xc7z020clg400-1
---------------------------------------------------------------------------------------------------------------------------------------------

Upgrade Log for IP 'design_1_riscv5stage_core_0_0'

1. Summary
----------

SUCCESS in the upgrade of design_1_riscv5stage_core_0_0 (xilinx.com:user:riscv5stage_core:1.0) from (Rev. 17) to (Rev. 18)






Copyright 1986-2022 Xilinx, Inc. All Rights Reserved. Copyright 2022-2025 Advanced Micro Devices, Inc. All Rights Reserved.
---------------------------------------------------------------------------------------------------------------------------------------------
| Tool Version : Vivado v.2025.1 (win64) Build 6140274 Thu May 22 00:12:29 MDT 2025
| Date         : Sat Jun 28 06:28:32 2025
| Host         : Stephens_Laptop running 64-bit major release  (build 9200)
| Command      : upgrade_ip
| Device       : xc7z020clg400-1
---------------------------------------------------------------------------------------------------------------------------------------------

Upgrade Log for IP 'design_1_riscv5stage_core_0_0'

1. Summary
----------

SUCCESS in the upgrade of design_1_riscv5stage_core_0_0 (xilinx.com:user:riscv5stage_core:1.0) from (Rev. 16) to (Rev. 17)






Copyright 1986-2022 Xilinx, Inc. All Rights Reserved. Copyright 2022-2025 Advanced Micro Devices, Inc. All Rights Reserved.
---------------------------------------------------------------------------------------------------------------------------------------------
| Tool Version : Vivado v.2025.1 (win64) Build 6140274 Thu May 22 00:12:29 MDT 2025
| Date         : Sat Jun 28 06:27:23 2025
| Host         : Stephens_Laptop running 64-bit major release  (build 9200)
| Command      : upgrade_ip
| Device       : xc7z020clg400-1
---------------------------------------------------------------------------------------------------------------------------------------------

Upgrade Log for IP 'design_1_riscv5stage_core_0_0'

1. Summary
----------

SUCCESS in the update of design_1_riscv5stage_core_0_0 (xilinx.com:user:riscv5stage_core:1.0 (Rev. 16)) to current project options.






Copyright 1986-2022 Xilinx, Inc. All Rights Reserved. Copyright 2022-2025 Advanced Micro Devices, Inc. All Rights Reserved.
---------------------------------------------------------------------------------------------------------------------------------------------
| Tool Version : Vivado v.2025.1 (win64) Build 6140274 Thu May 22 00:12:29 MDT 2025
| Date         : Sat Jun 28 05:53:54 2025
| Host         : Stephens_Laptop running 64-bit major release  (build 9200)
| Command      : upgrade_ip
| Device       : xc7z020clg400-1
---------------------------------------------------------------------------------------------------------------------------------------------

Upgrade Log for IP 'design_1_riscv5stage_core_0_0'

1. Summary
----------

SUCCESS in the update of design_1_riscv5stage_core_0_0 (xilinx.com:user:riscv5stage_core:1.0 (Rev. 16)) to current project options.






Copyright 1986-2022 Xilinx, Inc. All Rights Reserved. Copyright 2022-2025 Advanced Micro Devices, Inc. All Rights Reserved.
---------------------------------------------------------------------------------------------------------------------------------------------
| Tool Version : Vivado v.2025.1 (win64) Build 6140274 Thu May 22 00:12:29 MDT 2025
| Date         : Sat Jun 28 05:53:27 2025
| Host         : Stephens_Laptop running 64-bit major release  (build 9200)
| Command      : upgrade_ip
| Device       : xc7z020clg400-1
---------------------------------------------------------------------------------------------------------------------------------------------

Upgrade Log for IP 'design_1_riscv5stage_core_0_0'

1. Summary
----------

SUCCESS in the upgrade of design_1_riscv5stage_core_0_0 (xilinx.com:user:riscv5stage_core:1.0) from (Rev. 13) to (Rev. 16)






Copyright 1986-2022 Xilinx, Inc. All Rights Reserved. Copyright 2022-2025 Advanced Micro Devices, Inc. All Rights Reserved.
---------------------------------------------------------------------------------------------------------------------------------------------
| Tool Version : Vivado v.2025.1 (win64) Build 6140274 Thu May 22 00:12:29 MDT 2025
| Date         : Sat Jun 28 05:41:32 2025
| Host         : Stephens_Laptop running 64-bit major release  (build 9200)
| Command      : upgrade_ip
| Device       : xc7z020clg400-1
---------------------------------------------------------------------------------------------------------------------------------------------

Upgrade Log for IP 'design_1_riscv5stage_core_0_0'

1. Summary
----------

SUCCESS in the upgrade of design_1_riscv5stage_core_0_0 (xilinx.com:user:riscv5stage_core:1.0) from (Rev. 12) to (Rev. 13)






Copyright 1986-2022 Xilinx, Inc. All Rights Reserved. Copyright 2022-2025 Advanced Micro Devices, Inc. All Rights Reserved.
---------------------------------------------------------------------------------------------------------------------------------------------
| Tool Version : Vivado v.2025.1 (win64) Build 6140274 Thu May 22 00:12:29 MDT 2025
| Date         : Sat Jun 28 05:40:12 2025
| Host         : Stephens_Laptop running 64-bit major release  (build 9200)
| Command      : upgrade_ip
| Device       : xc7z020clg400-1
---------------------------------------------------------------------------------------------------------------------------------------------

Upgrade Log for IP 'design_1_riscv5stage_core_0_0'

1. Summary
----------

SUCCESS in the upgrade of design_1_riscv5stage_core_0_0 (xilinx.com:user:riscv5stage_core:1.0) from (Rev. 11) to (Rev. 12)






Copyright 1986-2022 Xilinx, Inc. All Rights Reserved. Copyright 2022-2025 Advanced Micro Devices, Inc. All Rights Reserved.
---------------------------------------------------------------------------------------------------------------------------------------------
| Tool Version : Vivado v.2025.1 (win64) Build 6140274 Thu May 22 00:12:29 MDT 2025
| Date         : Sat Jun 28 05:39:49 2025
| Host         : Stephens_Laptop running 64-bit major release  (build 9200)
| Command      : upgrade_ip
| Device       : xc7z020clg400-1
---------------------------------------------------------------------------------------------------------------------------------------------

Upgrade Log for IP 'design_1_riscv5stage_core_0_0'

1. Summary
----------

SUCCESS in the update of design_1_riscv5stage_core_0_0 (xilinx.com:user:riscv5stage_core:1.0 (Rev. 11)) to current project options.






Copyright 1986-2022 Xilinx, Inc. All Rights Reserved. Copyright 2022-2025 Advanced Micro Devices, Inc. All Rights Reserved.
---------------------------------------------------------------------------------------------------------------------------------------------
| Tool Version : Vivado v.2025.1 (win64) Build 6140274 Thu May 22 00:12:29 MDT 2025
| Date         : Sat Jun 28 05:39:25 2025
| Host         : Stephens_Laptop running 64-bit major release  (build 9200)
| Command      : upgrade_ip
| Device       : xc7z020clg400-1
---------------------------------------------------------------------------------------------------------------------------------------------

Upgrade Log for IP 'design_1_riscv5stage_core_0_0'

1. Summary
----------

SUCCESS in the upgrade of design_1_riscv5stage_core_0_0 (xilinx.com:user:riscv5stage_core:1.0) from (Rev. 10) to (Rev. 11)






Copyright 1986-2022 Xilinx, Inc. All Rights Reserved. Copyright 2022-2025 Advanced Micro Devices, Inc. All Rights Reserved.
---------------------------------------------------------------------------------------------------------------------------------------------
| Tool Version : Vivado v.2025.1 (win64) Build 6140274 Thu May 22 00:12:29 MDT 2025
| Date         : Sat Jun 28 05:21:23 2025
| Host         : Stephens_Laptop running 64-bit major release  (build 9200)
| Command      : upgrade_ip
| Device       : xc7z020clg400-1
---------------------------------------------------------------------------------------------------------------------------------------------

Upgrade Log for IP 'design_1_riscv5stage_core_0_0'

1. Summary
----------

SUCCESS in the upgrade of design_1_riscv5stage_core_0_0 (xilinx.com:user:riscv5stage_core:1.0) from (Rev. 9) to (Rev. 10)






Copyright 1986-2022 Xilinx, Inc. All Rights Reserved. Copyright 2022-2025 Advanced Micro Devices, Inc. All Rights Reserved.
---------------------------------------------------------------------------------------------------------------------------------------------
| Tool Version : Vivado v.2025.1 (win64) Build 6140274 Thu May 22 00:12:29 MDT 2025
| Date         : Sat Jun 28 05:20:58 2025
| Host         : Stephens_Laptop running 64-bit major release  (build 9200)
| Command      : upgrade_ip
| Device       : xc7z020clg400-1
---------------------------------------------------------------------------------------------------------------------------------------------

Upgrade Log for IP 'design_1_riscv5stage_core_0_0'

1. Summary
----------

SUCCESS in the upgrade of design_1_riscv5stage_core_0_0 (xilinx.com:user:riscv5stage_core:1.0) from (Rev. 6) to (Rev. 9)






Copyright 1986-2022 Xilinx, Inc. All Rights Reserved. Copyright 2022-2025 Advanced Micro Devices, Inc. All Rights Reserved.
---------------------------------------------------------------------------------------------------------------------------------------------
| Tool Version : Vivado v.2025.1 (win64) Build 6140274 Thu May 22 00:12:29 MDT 2025
| Date         : Fri Jun 27 22:57:15 2025
| Host         : Stephens_Laptop running 64-bit major release  (build 9200)
| Command      : upgrade_ip
| Device       : xc7z020clg400-1
---------------------------------------------------------------------------------------------------------------------------------------------

Upgrade Log for IP 'design_1_riscv5stage_core_0_0'

1. Summary
----------

SUCCESS in the update of design_1_riscv5stage_core_0_0 (xilinx.com:user:riscv5stage_core:1.0 (Rev. 6)) to current project options.






Copyright 1986-2022 Xilinx, Inc. All Rights Reserved. Copyright 2022-2025 Advanced Micro Devices, Inc. All Rights Reserved.
---------------------------------------------------------------------------------------------------------------------------------------------
| Tool Version : Vivado v.2025.1 (win64) Build 6140274 Thu May 22 00:12:29 MDT 2025
| Date         : Fri Jun 27 22:56:56 2025
| Host         : Stephens_Laptop running 64-bit major release  (build 9200)
| Command      : upgrade_ip
| Device       : xc7z020clg400-1
---------------------------------------------------------------------------------------------------------------------------------------------

Upgrade Log for IP 'design_1_riscv5stage_core_0_0'

1. Summary
----------

SUCCESS in the upgrade of design_1_riscv5stage_core_0_0 (xilinx.com:user:riscv5stage_core:1.0) from (Rev. 5) to (Rev. 6)






Copyright 1986-2022 Xilinx, Inc. All Rights Reserved. Copyright 2022-2025 Advanced Micro Devices, Inc. All Rights Reserved.
---------------------------------------------------------------------------------------------------------------------------------------------
| Tool Version : Vivado v.2025.1 (win64) Build 6140274 Thu May 22 00:12:29 MDT 2025
| Date         : Fri Jun 27 22:45:35 2025
| Host         : Stephens_Laptop running 64-bit major release  (build 9200)
| Command      : upgrade_ip
| Device       : xc7z020clg400-1
---------------------------------------------------------------------------------------------------------------------------------------------

Upgrade Log for IP 'design_1_riscv5stage_core_0_0'

1. Summary
----------

SUCCESS in the update of design_1_riscv5stage_core_0_0 (xilinx.com:user:riscv5stage_core:1.0 (Rev. 4)) to current project options.






Copyright 1986-2022 Xilinx, Inc. All Rights Reserved. Copyright 2022-2025 Advanced Micro Devices, Inc. All Rights Reserved.
---------------------------------------------------------------------------------------------------------------------------------------------
| Tool Version : Vivado v.2025.1 (win64) Build 6140274 Thu May 22 00:12:29 MDT 2025
| Date         : Fri Jun 27 22:34:18 2025
| Host         : Stephens_Laptop running 64-bit major release  (build 9200)
| Command      : upgrade_ip
| Device       : xc7z020clg400-1
---------------------------------------------------------------------------------------------------------------------------------------------

Upgrade Log for IP 'design_1_riscv5stage_core_0_0'

1. Summary
----------

SUCCESS in the update of design_1_riscv5stage_core_0_0 (xilinx.com:user:riscv5stage_core:1.0 (Rev. 3)) to current project options.






Copyright 1986-2022 Xilinx, Inc. All Rights Reserved. Copyright 2022-2025 Advanced Micro Devices, Inc. All Rights Reserved.
---------------------------------------------------------------------------------------------------------------------------------------------
| Tool Version : Vivado v.2025.1 (win64) Build 6140274 Thu May 22 00:12:29 MDT 2025
| Date         : Tue Jun 24 07:02:21 2025
| Host         : Stephens_Laptop running 64-bit major release  (build 9200)
| Command      : upgrade_ip
| Device       : xc7z020clg400-1
---------------------------------------------------------------------------------------------------------------------------------------------

Upgrade Log for IP 'design_1_riscv5stage_top_0_0'

1. Summary
----------

SUCCESS in the upgrade of design_1_riscv5stage_top_0_0 (xilinx.com:user:riscv5stage_top:1.0) from (Rev. 6) to (Rev. 7)






Copyright 1986-2022 Xilinx, Inc. All Rights Reserved. Copyright 2022-2025 Advanced Micro Devices, Inc. All Rights Reserved.
---------------------------------------------------------------------------------------------------------------------------------------------
| Tool Version : Vivado v.2025.1 (win64) Build 6140274 Thu May 22 00:12:29 MDT 2025
| Date         : Tue Jun 24 06:42:00 2025
| Host         : Stephens_Laptop running 64-bit major release  (build 9200)
| Command      : upgrade_ip
| Device       : xc7z020clg400-1
---------------------------------------------------------------------------------------------------------------------------------------------

Upgrade Log for IP 'design_1_riscv5stage_top_0_0'

1. Summary
----------

SUCCESS in the upgrade of design_1_riscv5stage_top_0_0 (xilinx.com:user:riscv5stage_top:1.0) from (Rev. 5) to (Rev. 6)






Copyright 1986-2022 Xilinx, Inc. All Rights Reserved. Copyright 2022-2025 Advanced Micro Devices, Inc. All Rights Reserved.
---------------------------------------------------------------------------------------------------------------------------------------------
| Tool Version : Vivado v.2025.1 (win64) Build 6140274 Thu May 22 00:12:29 MDT 2025
| Date         : Tue Jun 24 06:32:19 2025
| Host         : Stephens_Laptop running 64-bit major release  (build 9200)
| Command      : upgrade_ip
| Device       : xc7z020clg400-1
---------------------------------------------------------------------------------------------------------------------------------------------

Upgrade Log for IP 'design_1_riscv5stage_top_0_0'

1. Summary
----------

SUCCESS in the upgrade of design_1_riscv5stage_top_0_0 (xilinx.com:user:riscv5stage_top:1.0) from (Rev. 4) to (Rev. 5)






Copyright 1986-2022 Xilinx, Inc. All Rights Reserved. Copyright 2022-2025 Advanced Micro Devices, Inc. All Rights Reserved.
---------------------------------------------------------------------------------------------------------------------------------------------
| Tool Version : Vivado v.2025.1 (win64) Build 6140274 Thu May 22 00:12:29 MDT 2025
| Date         : Tue Jun 24 01:38:44 2025
| Host         : Stephens_Laptop running 64-bit major release  (build 9200)
| Command      : upgrade_ip
| Device       : xc7z020clg400-1
---------------------------------------------------------------------------------------------------------------------------------------------

Upgrade Log for IP 'design_1_riscv5stage_top_0_0'

1. Summary
----------

SUCCESS in the upgrade of design_1_riscv5stage_top_0_0 (xilinx.com:user:riscv5stage_top:1.0) from (Rev. 3) to (Rev. 4)






Copyright 1986-2022 Xilinx, Inc. All Rights Reserved. Copyright 2022-2025 Advanced Micro Devices, Inc. All Rights Reserved.
---------------------------------------------------------------------------------------------------------------------------------------------
| Tool Version : Vivado v.2025.1 (win64) Build 6140274 Thu May 22 00:12:29 MDT 2025
| Date         : Tue Jun 24 01:19:23 2025
| Host         : Stephens_Laptop running 64-bit major release  (build 9200)
| Command      : upgrade_ip
| Device       : xc7z020clg400-1
---------------------------------------------------------------------------------------------------------------------------------------------

Upgrade Log for IP 'design_1_riscv5stage_top_0_0'

1. Summary
----------

SUCCESS in the update of design_1_riscv5stage_top_0_0 (xilinx.com:user:riscv5stage_top:1.0 (Rev. 3)) to current project options.






Copyright 1986-2022 Xilinx, Inc. All Rights Reserved. Copyright 2022-2025 Advanced Micro Devices, Inc. All Rights Reserved.
---------------------------------------------------------------------------------------------------------------------------------------------
| Tool Version : Vivado v.2025.1 (win64) Build 6140274 Thu May 22 00:12:29 MDT 2025
| Date         : Tue Jun 24 00:26:46 2025
| Host         : Stephens_Laptop running 64-bit major release  (build 9200)
| Command      : upgrade_ip
| Device       : xc7z020clg400-1
---------------------------------------------------------------------------------------------------------------------------------------------

Upgrade Log for IP 'design_1_riscv5stage_core_0_0'

1. Summary
----------

SUCCESS in the upgrade of design_1_riscv5stage_core_0_0 (xilinx.com:user:riscv5stage_core:1.0) from (Rev. 3) to (Rev. 5)

